<?xml version="1.0" encoding="UTF-8"?>
<!-- Generated by org.testng.reporters.JUnitReportReporter -->
<testsuite hostname="CI00430873" failures="0" tests="3" name="api.testcases.StoreTest" time="6.146" errors="0" timestamp="2024-12-12T11:45:53 IST" skipped="0">
  <testcase classname="api.testcases.StoreTest" name="testPostUser" time="2.312"/>
  <system-out/>
  <testcase classname="api.testcases.StoreTest" name="testGetUserbyName" time="1.490"/>
  <system-out/>
  <testcase classname="api.testcases.StoreTest" name="testDeleteUserbyName" time="2.344"/>
  <system-out/>
</testsuite> <!-- api.testcases.StoreTest -->
