<?xml version="1.0" encoding="UTF-8"?>
<!-- Generated by org.testng.reporters.JUnitReportReporter -->
<testsuite hostname="CI00430873" failures="0" tests="40" name="api.testcases.DataDrivenTests" time="59.726" errors="0" timestamp="2024-12-12T11:45:53 IST" skipped="0">
  <testcase classname="api.testcases.DataDrivenTests" name="testPostUser" time="3.045"/>
  <system-out/>
  <testcase classname="api.testcases.DataDrivenTests" name="testPostUser" time="1.161"/>
  <system-out/>
  <testcase classname="api.testcases.DataDrivenTests" name="testPostUser" time="1.175"/>
  <system-out/>
  <testcase classname="api.testcases.DataDrivenTests" name="testPostUser" time="1.160"/>
  <system-out/>
  <testcase classname="api.testcases.DataDrivenTests" name="testPostUser" time="1.167"/>
  <system-out/>
  <testcase classname="api.testcases.DataDrivenTests" name="testPostUser" time="1.174"/>
  <system-out/>
  <testcase classname="api.testcases.DataDrivenTests" name="testPostUser" time="1.172"/>
  <system-out/>
  <testcase classname="api.testcases.DataDrivenTests" name="testPostUser" time="1.143"/>
  <system-out/>
  <testcase classname="api.testcases.DataDrivenTests" name="testPostUser" time="1.144"/>
  <system-out/>
  <testcase classname="api.testcases.DataDrivenTests" name="testPostUser" time="1.161"/>
  <system-out/>
  <testcase classname="api.testcases.DataDrivenTests" name="testGetUserByName" time="1.152"/>
  <system-out/>
  <testcase classname="api.testcases.DataDrivenTests" name="testGetUserByName" time="1.146"/>
  <system-out/>
  <testcase classname="api.testcases.DataDrivenTests" name="testGetUserByName" time="1.111"/>
  <system-out/>
  <testcase classname="api.testcases.DataDrivenTests" name="testGetUserByName" time="1.135"/>
  <system-out/>
  <testcase classname="api.testcases.DataDrivenTests" name="testGetUserByName" time="1.128"/>
  <system-out/>
  <testcase classname="api.testcases.DataDrivenTests" name="testGetUserByName" time="1.136"/>
  <system-out/>
  <testcase classname="api.testcases.DataDrivenTests" name="testGetUserByName" time="1.152"/>
  <system-out/>
  <testcase classname="api.testcases.DataDrivenTests" name="testGetUserByName" time="1.221"/>
  <system-out/>
  <testcase classname="api.testcases.DataDrivenTests" name="testGetUserByName" time="1.147"/>
  <system-out/>
  <testcase classname="api.testcases.DataDrivenTests" name="testGetUserByName" time="1.157"/>
  <system-out/>
  <testcase classname="api.testcases.DataDrivenTests" name="testUpdateUser" time="2.299"/>
  <system-out/>
  <testcase classname="api.testcases.DataDrivenTests" name="testUpdateUser" time="2.315"/>
  <system-out/>
  <testcase classname="api.testcases.DataDrivenTests" name="testUpdateUser" time="2.276"/>
  <system-out/>
  <testcase classname="api.testcases.DataDrivenTests" name="testUpdateUser" time="2.304"/>
  <system-out/>
  <testcase classname="api.testcases.DataDrivenTests" name="testUpdateUser" time="2.529"/>
  <system-out/>
  <testcase classname="api.testcases.DataDrivenTests" name="testUpdateUser" time="2.295"/>
  <system-out/>
  <testcase classname="api.testcases.DataDrivenTests" name="testUpdateUser" time="2.308"/>
  <system-out/>
  <testcase classname="api.testcases.DataDrivenTests" name="testUpdateUser" time="2.323"/>
  <system-out/>
  <testcase classname="api.testcases.DataDrivenTests" name="testUpdateUser" time="2.308"/>
  <system-out/>
  <testcase classname="api.testcases.DataDrivenTests" name="testUpdateUser" time="2.414"/>
  <system-out/>
  <testcase classname="api.testcases.DataDrivenTests" name="testDeleteUserByName" time="1.114"/>
  <system-out/>
  <testcase classname="api.testcases.DataDrivenTests" name="testDeleteUserByName" time="1.125"/>
  <system-out/>
  <testcase classname="api.testcases.DataDrivenTests" name="testDeleteUserByName" time="1.124"/>
  <system-out/>
  <testcase classname="api.testcases.DataDrivenTests" name="testDeleteUserByName" time="1.160"/>
  <system-out/>
  <testcase classname="api.testcases.DataDrivenTests" name="testDeleteUserByName" time="1.125"/>
  <system-out/>
  <testcase classname="api.testcases.DataDrivenTests" name="testDeleteUserByName" time="1.161"/>
  <system-out/>
  <testcase classname="api.testcases.DataDrivenTests" name="testDeleteUserByName" time="1.138"/>
  <system-out/>
  <testcase classname="api.testcases.DataDrivenTests" name="testDeleteUserByName" time="1.143"/>
  <system-out/>
  <testcase classname="api.testcases.DataDrivenTests" name="testDeleteUserByName" time="1.153"/>
  <system-out/>
  <testcase classname="api.testcases.DataDrivenTests" name="testDeleteUserByName" time="1.125"/>
  <system-out/>
</testsuite> <!-- api.testcases.DataDrivenTests -->
