<?xml version="1.0" encoding="UTF-8"?>
<!-- Generated by org.testng.reporters.JUnitReportReporter -->
<testsuite hostname="CI00430873" failures="0" tests="4" name="api.testcases.PetTest" time="6.893" errors="0" timestamp="2024-12-12T11:45:53 IST" skipped="0">
  <testcase classname="api.testcases.PetTest" name="testCreatePet" time="1.144"/>
  <system-out/>
  <testcase classname="api.testcases.PetTest" name="testGetPetById" time="1.141"/>
  <system-out/>
  <testcase classname="api.testcases.PetTest" name="testUpdatePet" time="2.353"/>
  <system-out/>
  <testcase classname="api.testcases.PetTest" name="testDeletePet" time="2.255"/>
  <system-out/>
</testsuite> <!-- api.testcases.PetTest -->
