<?xml version="1.0" encoding="UTF-8"?>
<!-- Generated by org.testng.reporters.JUnitReportReporter -->
<testsuite hostname="CI00430873" failures="0" tests="4" name="api.testcases.UserTest" time="7.964" errors="0" timestamp="2024-12-12T12:31:46 IST" skipped="0">
  <testcase classname="api.testcases.UserTest" name="testPostUser" time="1.148"/>
  <system-out/>
  <testcase classname="api.testcases.UserTest" name="testGetUserbyName" time="1.355"/>
  <system-out/>
  <testcase classname="api.testcases.UserTest" name="testUpdateUserbyName" time="2.882"/>
  <system-out/>
  <testcase classname="api.testcases.UserTest" name="testDeleteUserbyName" time="2.579"/>
  <system-out/>
</testsuite> <!-- api.testcases.UserTest -->
