<?xml version="1.0" encoding="UTF-8"?>
<!-- Generated by org.testng.reporters.JUnitReportReporter -->
<testsuite hostname="CI00430873" failures="0" tests="4" name="api.testcases.PetTest" time="8.281" errors="0" timestamp="2024-12-12T12:31:46 IST" skipped="0">
  <testcase classname="api.testcases.PetTest" name="testCreatePet" time="1.394"/>
  <system-out/>
  <testcase classname="api.testcases.PetTest" name="testGetPetById" time="1.421"/>
  <system-out/>
  <testcase classname="api.testcases.PetTest" name="testUpdatePet" time="2.960"/>
  <system-out/>
  <testcase classname="api.testcases.PetTest" name="testDeletePet" time="2.506"/>
  <system-out/>
</testsuite> <!-- api.testcases.PetTest -->
