<?xml version="1.0" encoding="UTF-8"?>
<!-- Generated by org.testng.reporters.JUnitReportReporter -->
<testsuite hostname="CI00430873" failures="0" tests="40" name="api.testcases.DataDrivenTests" time="70.454" errors="0" timestamp="2024-12-12T12:31:46 IST" skipped="0">
  <testcase classname="api.testcases.DataDrivenTests" name="testPostUser" time="1.167"/>
  <system-out/>
  <testcase classname="api.testcases.DataDrivenTests" name="testPostUser" time="3.074"/>
  <system-out/>
  <testcase classname="api.testcases.DataDrivenTests" name="testPostUser" time="1.189"/>
  <system-out/>
  <testcase classname="api.testcases.DataDrivenTests" name="testPostUser" time="1.359"/>
  <system-out/>
  <testcase classname="api.testcases.DataDrivenTests" name="testPostUser" time="1.328"/>
  <system-out/>
  <testcase classname="api.testcases.DataDrivenTests" name="testPostUser" time="1.330"/>
  <system-out/>
  <testcase classname="api.testcases.DataDrivenTests" name="testPostUser" time="1.479"/>
  <system-out/>
  <testcase classname="api.testcases.DataDrivenTests" name="testPostUser" time="1.431"/>
  <system-out/>
  <testcase classname="api.testcases.DataDrivenTests" name="testPostUser" time="1.418"/>
  <system-out/>
  <testcase classname="api.testcases.DataDrivenTests" name="testPostUser" time="1.272"/>
  <system-out/>
  <testcase classname="api.testcases.DataDrivenTests" name="testGetUserByName" time="1.350"/>
  <system-out/>
  <testcase classname="api.testcases.DataDrivenTests" name="testGetUserByName" time="1.512"/>
  <system-out/>
  <testcase classname="api.testcases.DataDrivenTests" name="testGetUserByName" time="1.474"/>
  <system-out/>
  <testcase classname="api.testcases.DataDrivenTests" name="testGetUserByName" time="1.308"/>
  <system-out/>
  <testcase classname="api.testcases.DataDrivenTests" name="testGetUserByName" time="1.433"/>
  <system-out/>
  <testcase classname="api.testcases.DataDrivenTests" name="testGetUserByName" time="1.250"/>
  <system-out/>
  <testcase classname="api.testcases.DataDrivenTests" name="testGetUserByName" time="1.331"/>
  <system-out/>
  <testcase classname="api.testcases.DataDrivenTests" name="testGetUserByName" time="1.394"/>
  <system-out/>
  <testcase classname="api.testcases.DataDrivenTests" name="testGetUserByName" time="1.228"/>
  <system-out/>
  <testcase classname="api.testcases.DataDrivenTests" name="testGetUserByName" time="1.538"/>
  <system-out/>
  <testcase classname="api.testcases.DataDrivenTests" name="testUpdateUser" time="2.768"/>
  <system-out/>
  <testcase classname="api.testcases.DataDrivenTests" name="testUpdateUser" time="2.874"/>
  <system-out/>
  <testcase classname="api.testcases.DataDrivenTests" name="testUpdateUser" time="3.071"/>
  <system-out/>
  <testcase classname="api.testcases.DataDrivenTests" name="testUpdateUser" time="2.764"/>
  <system-out/>
  <testcase classname="api.testcases.DataDrivenTests" name="testUpdateUser" time="2.790"/>
  <system-out/>
  <testcase classname="api.testcases.DataDrivenTests" name="testUpdateUser" time="2.553"/>
  <system-out/>
  <testcase classname="api.testcases.DataDrivenTests" name="testUpdateUser" time="2.845"/>
  <system-out/>
  <testcase classname="api.testcases.DataDrivenTests" name="testUpdateUser" time="2.538"/>
  <system-out/>
  <testcase classname="api.testcases.DataDrivenTests" name="testUpdateUser" time="2.937"/>
  <system-out/>
  <testcase classname="api.testcases.DataDrivenTests" name="testUpdateUser" time="2.857"/>
  <system-out/>
  <testcase classname="api.testcases.DataDrivenTests" name="testDeleteUserByName" time="1.418"/>
  <system-out/>
  <testcase classname="api.testcases.DataDrivenTests" name="testDeleteUserByName" time="1.408"/>
  <system-out/>
  <testcase classname="api.testcases.DataDrivenTests" name="testDeleteUserByName" time="1.532"/>
  <system-out/>
  <testcase classname="api.testcases.DataDrivenTests" name="testDeleteUserByName" time="1.284"/>
  <system-out/>
  <testcase classname="api.testcases.DataDrivenTests" name="testDeleteUserByName" time="1.291"/>
  <system-out/>
  <testcase classname="api.testcases.DataDrivenTests" name="testDeleteUserByName" time="1.152"/>
  <system-out/>
  <testcase classname="api.testcases.DataDrivenTests" name="testDeleteUserByName" time="1.447"/>
  <system-out/>
  <testcase classname="api.testcases.DataDrivenTests" name="testDeleteUserByName" time="1.243"/>
  <system-out/>
  <testcase classname="api.testcases.DataDrivenTests" name="testDeleteUserByName" time="1.400"/>
  <system-out/>
  <testcase classname="api.testcases.DataDrivenTests" name="testDeleteUserByName" time="1.417"/>
  <system-out/>
</testsuite> <!-- api.testcases.DataDrivenTests -->
